<?xml version="1.0" encoding="UTF-8"?>
<!-- Generated by org.testng.reporters.JUnitReportReporter -->
<testsuite hostname="DESKTOP-SDBG9IR" failures="0" tests="6" name="api.test.DDTTesting" time="11.716" errors="0" timestamp="2025-05-18T14:36:40 IST" skipped="0">
  <testcase classname="api.test.DDTTesting" name="testPostuser" time="4.832"/>
  <system-out/>
  <testcase classname="api.test.DDTTesting" name="testPostuser" time="1.324"/>
  <system-out/>
  <testcase classname="api.test.DDTTesting" name="testPostuser" time="1.309"/>
  <system-out/>
  <testcase classname="api.test.DDTTesting" name="testDeleteUserByName" time="1.336"/>
  <system-out/>
  <testcase classname="api.test.DDTTesting" name="testDeleteUserByName" time="1.545"/>
  <system-out/>
  <testcase classname="api.test.DDTTesting" name="testDeleteUserByName" time="1.370"/>
  <system-out/>
</testsuite> <!-- api.test.DDTTesting -->
